This is pdfTeX, Version 3.1415926-1.40.10 (TeX Live 2009/Debian) (format=prv_egpaper_for_review 2010.11.3)  3 NOV 2010 13:40
entering extended mode
 restricted \write18 enabled.
 %&-line parsing enabled.
**&prv_egpaper_for_review _region_.tex
(./_region_.tex
LaTeX2e <2009/09/24>
Babel <v3.8l> and hyphenation patterns for english, usenglishmax, dumylang, noh
yphenation, loaded.
CUSTOMISED FORMAT. Preloaded files:
        .
 article.cls    2007/10/19 v1.4h Standard LaTeX document class
  size10.clo    2007/10/19 v1.4h Standard LaTeX file (size option)
    cvpr.sty    
 eso-pic.sty    2001/05/15 v3.00 EveryShipout Package (MS)
cvpr_eso.sty
  keyval.sty    1999/03/16 v1.13 key=value parser (DPC)
  xspace.sty    2006/05/08 v1.12 Space after command names (DPC,MH)
   times.sty    2005/04/12 PSNFSS-v9.2a (SPQR) 
  epsfig.sty    1999/02/16 v1.7a (e)psfig emulation (SPQR)
graphicx.sty    1999/02/16 v1.0f Enhanced LaTeX Graphics (DPC,SPQR)
graphics.sty    2009/02/05 v1.0o Standard LaTeX Graphics (DPC,SPQR)
    trig.sty    1999/03/16 v1.09 sin cos tan (DPC)
graphics.cfg    2009/08/28 v1.8 graphics configuration of TeX Live
   dvips.def    1999/02/16 v3.0i Driver-dependant file (DPC,SPQR)
subfigure.sty    2002/03/15 v2.1.5 subfigure package
subfigure.cfg
algorithm.sty    
   float.sty    2001/11/08 v1.3d Float enhancements (AL)
  ifthen.sty    2001/05/26 v1.1c Standard LaTeX ifthen package (DPC)
algorithmic.sty    2005/07/05
    calc.sty    2007/08/22 v4.3 Infix arithmetic (KKT,FJ)
 amsmath.sty    2000/07/18 v2.13 AMS math features
 amstext.sty    2000/06/29 v2.01
  amsgen.sty    1999/11/30 v2.0
  amsbsy.sty    1999/11/29 v1.2d
  amsopn.sty    1999/12/14 v2.01 operator names
 amssymb.sty    2009/06/22 v3.00
amsfonts.sty    2009/06/22 v3.00 Basic AMSFonts support
hyperref.sty    2009/10/09 v6.79a Hypertext links for LaTeX
   ifpdf.sty    2009/04/10 v2.0 Provides the ifpdf switch (HO)
  ifvtex.sty    2008/11/04 v1.4 Switches for detecting VTeX and its modes (HO)
 ifxetex.sty    2009/01/23 v0.5 Provides ifxetex conditional
 hycolor.sty    2009/10/02 v1.5 Code for color options of hyperref/bookmark (HO
)
xcolor-patch.sty    2009/10/02 xcolor patch
  pd1enc.def    2009/10/09 v6.79a Hyperref: PDFDocEncoding definition (HO)
etexcmds.sty    2007/12/12 v1.2 Prefix for e-TeX command names (HO)
infwarerr.sty    2007/09/09 v1.2 Providing info/warning/message (HO)
hyperref.cfg    2002/06/06 v1.2 hyperref configuration of TeXLive
kvoptions.sty    2009/08/13 v3.4 Keyval support for LaTeX options (HO)
kvsetkeys.sty    2009/07/30 v1.5 Key value parser with default handler support 
(HO)
 backref.sty    2006/09/05 v1.28 Bibliographical back referencing
     url.sty    2006/04/12  ver 3.3  Verb mode for urls, etc.
  bitset.sty    2007/09/28 v1.0 Data type bit set (HO)
 intcalc.sty    2007/09/27 v1.1 Expandable integer calculations (HO)
bigintcalc.sty    2007/11/11 v1.1 Expandable big integer calculations (HO)
pdftexcmds.sty    2009/09/23 v0.6 LuaTeX support for pdfTeX utility functions (
HO)
ifluatex.sty    2009/04/17 v1.2 Provides the ifluatex switch (HO)
 ltxcmds.sty    2009/08/05 v1.0 Some LaTeX kernel commands for general use (HO)

atbegshi.sty    2008/07/31 v1.9 At begin shipout hook (HO)
  hdvips.def    2009/10/09 v6.79a Hyperref driver for dvips
 pdfmark.def    2009/10/09 v6.79a Hyperref definitions for pdfmark specials
    umsa.fd    2009/06/22 v3.00 AMS symbols A
    umsb.fd    2009/06/22 v3.00 AMS symbols B
  ot1ptm.fd    2001/06/04 font definitions for OT1/ptm.
  ot1pcr.fd    2001/06/04 font definitions for OT1/pcr.
  ot1phv.fd    2001/06/04 scalable font definitions for OT1/phv.
        .
No file _region_.aux.
LaTeX Font Info:    Checking defaults for OML/cmm/m/it on input line 28.
LaTeX Font Info:    ... okay on input line 28.
LaTeX Font Info:    Checking defaults for T1/cmr/m/n on input line 28.
LaTeX Font Info:    ... okay on input line 28.
LaTeX Font Info:    Checking defaults for OT1/cmr/m/n on input line 28.
LaTeX Font Info:    ... okay on input line 28.
LaTeX Font Info:    Checking defaults for OMS/cmsy/m/n on input line 28.
LaTeX Font Info:    ... okay on input line 28.
LaTeX Font Info:    Checking defaults for OMX/cmex/m/n on input line 28.
LaTeX Font Info:    ... okay on input line 28.
LaTeX Font Info:    Checking defaults for U/cmr/m/n on input line 28.
LaTeX Font Info:    ... okay on input line 28.
LaTeX Font Info:    Checking defaults for PD1/pdf/m/n on input line 28.
LaTeX Font Info:    ... okay on input line 28.
(/usr/share/texmf/tex/latex/preview/preview.sty
Package: preview 2008/02/03 11.85 (AUCTeX/preview-latex)

(/usr/share/texmf/tex/latex/preview/prtightpage.def
\PreviewBorder=\dimen126
)
(/usr/share/texmf/tex/latex/preview/prauctex.def
No auxiliary output files.


\hbadness=\count123
\hfuzz=\dimen127
(/usr/share/texmf/tex/latex/preview/prauctex.cfg))
(/usr/share/texmf/tex/latex/preview/prfootnotes.def)
\pr@snippet=\count124
\pr@box=\box33
\pr@output=\toks27

Preview: Fontsize 10pt
) ABD: EveryShipout initializing macros
(/usr/share/texmf-texlive/tex/latex/graphics/color.sty
Package: color 2005/11/14 v1.0j Standard LaTeX Color (DPC)

(/etc/texmf/tex/latex/config/color.cfg
File: color.cfg 2007/01/18 v1.5 color configuration of teTeX/TeXLive
)
Package color Info: Driver file: dvips.def on input line 130.

(/usr/share/texmf-texlive/tex/latex/graphics/dvipsnam.def
File: dvipsnam.def 1999/02/16 v3.0i Driver-dependant file (DPC,SPQR)
))
Package hyperref Info: Link coloring ON on input line 28.

(/usr/share/texmf-texlive/tex/latex/hyperref/nameref.sty
Package: nameref 2007/05/29 v2.31 Cross-referencing by name of section

(/usr/share/texmf-texlive/tex/latex/oberdiek/refcount.sty
Package: refcount 2008/08/11 v3.1 Data extraction from references (HO)
)
\c@section@level=\count125
)
LaTeX Info: Redefining \ref on input line 28.
LaTeX Info: Redefining \pageref on input line 28.
\AtBeginShipoutBox=\box34
Package atbegshi Info: Package `everyshi' patched.


Package hyperref Warning: Rerun to get /PageLabels entry.

 !name(egpaper_for_review.tex) !offset(534) 
! Preview: Snippet 1 started.
<-><->
      
l.31 \begin{eqnarray}
                     
Not a real error.

Preview: Tightpage -32891 -32891 32891 32891
! Preview: Snippet 1 ended.(2485897+0x15540941).
<-><->
      
l.35 \end{eqnarray}
                   
Not a real error.

[1]  !name(egpaper_for_review.tex) !offset(615)  ) 
Here is how much of TeX's memory you used:
 459 strings out of 489688
 7105 string characters out of 1107976
 147198 words of memory out of 3000000
 8872 multiletter control sequences out of 15000+50000
 10480 words of font info for 32 fonts, out of 3000000 for 9000
 28 hyphenation exceptions out of 8191
 23i,8n,22p,202b,146s stack positions out of 5000i,500n,10000p,200000b,50000s

Output written on _region_.dvi (1 page, 2520 bytes).
