This is pdfTeX, Version 3.1415926-1.40.10 (TeX Live 2009/Debian) (format=latex 2010.10.27)  11 NOV 2010 23:25
entering extended mode
 restricted \write18 enabled.
 %&-line parsing enabled.
**egpaper_for_review_final.tex
(./egpaper_for_review_final.tex
LaTeX2e <2009/09/24>
Babel <v3.8l> and hyphenation patterns for english, usenglishmax, dumylang, noh
yphenation, loaded.
(/usr/share/texmf-texlive/tex/latex/base/article.cls
Document Class: article 2007/10/19 v1.4h Standard LaTeX document class
(/usr/share/texmf-texlive/tex/latex/base/size10.clo
File: size10.clo 2007/10/19 v1.4h Standard LaTeX file (size option)
)
\c@part=\count79
\c@section=\count80
\c@subsection=\count81
\c@subsubsection=\count82
\c@paragraph=\count83
\c@subparagraph=\count84
\c@figure=\count85
\c@table=\count86
\abovecaptionskip=\skip41
\belowcaptionskip=\skip42
\bibindent=\dimen102
) (./cvpr.sty
(./eso-pic.sty
Package: eso-pic 2002/11/16 v1.1b eso-pic (RN)
 (./cvpr_eso.sty

LaTeX Warning: You have requested package `eso-pic',
               but the package provides `everyshi'.

Package: everyshi 2001/05/15 v3.00 EveryShipout Package (MS)
) (/usr/share/texmf-texlive/tex/latex/graphics/keyval.sty
Package: keyval 1999/03/16 v1.13 key=value parser (DPC)
\KV@toks@=\toks14
))
(/usr/share/texmf-texlive/tex/latex/tools/xspace.sty
Package: xspace 2006/05/08 v1.12 Space after command names (DPC,MH)
)
CVPR 8.5 x 11-Inch Proceedings Style `cvpr.sty'.
\@ctmp=\skip43
\@figindent=\skip44
\cvprrulerbox=\box26
\cvprrulercount=\count87
\cvprruleroffset=\dimen103
\cv@lineheight=\dimen104
\cv@boxheight=\dimen105
\cv@tmpbox=\box27
\cv@refno=\count88
\cv@tot=\count89
\cv@tmpc@=\count90
\cv@tmpc=\count91
) (/usr/share/texmf-texlive/tex/latex/psnfss/times.sty
Package: times 2005/04/12 PSNFSS-v9.2a (SPQR) 
)
(/usr/share/texmf-texlive/tex/latex/graphics/epsfig.sty
Package: epsfig 1999/02/16 v1.7a (e)psfig emulation (SPQR)

(/usr/share/texmf-texlive/tex/latex/graphics/graphicx.sty
Package: graphicx 1999/02/16 v1.0f Enhanced LaTeX Graphics (DPC,SPQR)

(/usr/share/texmf-texlive/tex/latex/graphics/graphics.sty
Package: graphics 2009/02/05 v1.0o Standard LaTeX Graphics (DPC,SPQR)

(/usr/share/texmf-texlive/tex/latex/graphics/trig.sty
Package: trig 1999/03/16 v1.09 sin cos tan (DPC)
)
(/etc/texmf/tex/latex/config/graphics.cfg
File: graphics.cfg 2009/08/28 v1.8 graphics configuration of TeX Live
)
Package graphics Info: Driver file: dvips.def on input line 91.

(/usr/share/texmf-texlive/tex/latex/graphics/dvips.def
File: dvips.def 1999/02/16 v3.0i Driver-dependant file (DPC,SPQR)
))
\Gin@req@height=\dimen106
\Gin@req@width=\dimen107
)
\epsfxsize=\dimen108
\epsfysize=\dimen109
)
(/usr/share/texmf-texlive/tex/latex/subfigure/subfigure.sty
Package: subfigure 2002/03/15 v2.1.5 subfigure package
\subfigtopskip=\skip45
\subfigcapskip=\skip46
\subfigcaptopadj=\dimen110
\subfigbottomskip=\skip47
\subfigcapmargin=\dimen111
\subfiglabelskip=\skip48
\c@subfigure=\count92
\c@lofdepth=\count93
\c@subtable=\count94
\c@lotdepth=\count95

****************************************
* Local config file subfigure.cfg used *
****************************************
(/usr/share/texmf-texlive/tex/latex/subfigure/subfigure.cfg)
\subfig@top=\skip49
\subfig@bottom=\skip50
)
(/usr/share/texmf-texlive/tex/latex/listings/listings.sty
\lst@mode=\count96
\lst@gtempboxa=\box28
\lst@token=\toks15
\lst@length=\count97
\lst@currlwidth=\dimen112
\lst@column=\count98
\lst@pos=\count99
\lst@lostspace=\dimen113
\lst@width=\dimen114
\lst@newlines=\count100
\lst@lineno=\count101
\lst@maxwidth=\dimen115

(/usr/share/texmf-texlive/tex/latex/listings/lstmisc.sty
File: lstmisc.sty 2007/02/22 1.4 (Carsten Heinz)
\c@lstnumber=\count102
\lst@skipnumbers=\count103
\lst@framebox=\box29
)
(/usr/share/texmf-texlive/tex/latex/listings/listings.cfg
File: listings.cfg 2007/02/22 1.4 listings configuration
))
Package: listings 2007/02/22 1.4 (Carsten Heinz)
 (./algorithm.sty
Package: algorithm 

Document Style `algorithm' - floating environment
(/usr/share/texmf-texlive/tex/latex/float/float.sty
Package: float 2001/11/08 v1.3d Float enhancements (AL)
\c@float@type=\count104
\float@exts=\toks16
\float@box=\box30
\@float@everytoks=\toks17
\@floatcapt=\box31
)
(/usr/share/texmf-texlive/tex/latex/base/ifthen.sty
Package: ifthen 2001/05/26 v1.1c Standard LaTeX ifthen package (DPC)
)
\@float@every@algorithm=\toks18
\c@algorithm=\count105
) (./algorithmic.sty
Package: algorithmic 2005/07/05

Document Style `algorithmic' - environment
(/usr/share/texmf-texlive/tex/latex/tools/calc.sty
Package: calc 2007/08/22 v4.3 Infix arithmetic (KKT,FJ)
\calc@Acount=\count106
\calc@Bcount=\count107
\calc@Adimen=\dimen116
\calc@Bdimen=\dimen117
\calc@Askip=\skip51
\calc@Bskip=\skip52
LaTeX Info: Redefining \setlength on input line 76.
LaTeX Info: Redefining \addtolength on input line 77.
\calc@Ccount=\count108
\calc@Cskip=\skip53
)
\c@ALC@line=\count109
\c@ALC@rem=\count110
\c@ALC@depth=\count111
\ALC@tlm=\skip54
\algorithmicindent=\skip55
)
(/usr/share/texmf-texlive/tex/latex/multirow/multirow.sty
\bigstrutjot=\dimen118
)
(/usr/share/texmf-texlive/tex/latex/amsmath/amsmath.sty
Package: amsmath 2000/07/18 v2.13 AMS math features
\@mathmargin=\skip56

For additional information on amsmath, use the `?' option.
(/usr/share/texmf-texlive/tex/latex/amsmath/amstext.sty
Package: amstext 2000/06/29 v2.01

(/usr/share/texmf-texlive/tex/latex/amsmath/amsgen.sty
File: amsgen.sty 1999/11/30 v2.0
\@emptytoks=\toks19
\ex@=\dimen119
))
(/usr/share/texmf-texlive/tex/latex/amsmath/amsbsy.sty
Package: amsbsy 1999/11/29 v1.2d
\pmbraise@=\dimen120
)
(/usr/share/texmf-texlive/tex/latex/amsmath/amsopn.sty
Package: amsopn 1999/12/14 v2.01 operator names
)
\inf@bad=\count112
LaTeX Info: Redefining \frac on input line 211.
\uproot@=\count113
\leftroot@=\count114
LaTeX Info: Redefining \overline on input line 307.
\classnum@=\count115
\DOTSCASE@=\count116
LaTeX Info: Redefining \ldots on input line 379.
LaTeX Info: Redefining \dots on input line 382.
LaTeX Info: Redefining \cdots on input line 467.
\Mathstrutbox@=\box32
\strutbox@=\box33
\big@size=\dimen121
LaTeX Font Info:    Redeclaring font encoding OML on input line 567.
LaTeX Font Info:    Redeclaring font encoding OMS on input line 568.
\macc@depth=\count117
\c@MaxMatrixCols=\count118
\dotsspace@=\muskip10
\c@parentequation=\count119
\dspbrk@lvl=\count120
\tag@help=\toks20
\row@=\count121
\column@=\count122
\maxfields@=\count123
\andhelp@=\toks21
\eqnshift@=\dimen122
\alignsep@=\dimen123
\tagshift@=\dimen124
\tagwidth@=\dimen125
\totwidth@=\dimen126
\lineht@=\dimen127
\@envbody=\toks22
\multlinegap=\skip57
\multlinetaggap=\skip58
\mathdisplay@stack=\toks23
LaTeX Info: Redefining \[ on input line 2666.
LaTeX Info: Redefining \] on input line 2667.
)
(/usr/share/texmf-texlive/tex/latex/rotating/rotating.sty
Package: rotating 2009/03/28 v2.16a rotated objects in LaTeX
\c@r@tfl@t=\count124
\rotFPtop=\skip59
\rotFPbot=\skip60
\rot@float@box=\box34
\rot@mess@toks=\toks24
)
(/usr/share/texmf-texlive/tex/latex/geometry/geometry.sty
Package: geometry 2008/12/21 v4.2 Page Geometry

(/usr/share/texmf-texlive/tex/generic/oberdiek/ifpdf.sty
Package: ifpdf 2009/04/10 v2.0 Provides the ifpdf switch (HO)
Package ifpdf Info: pdfTeX in pdf mode not detected.
)
(/usr/share/texmf-texlive/tex/generic/oberdiek/ifvtex.sty
Package: ifvtex 2008/11/04 v1.4 Switches for detecting VTeX and its modes (HO)
Package ifvtex Info: VTeX not detected.
)
\Gm@cnth=\count125
\Gm@cntv=\count126
\c@Gm@tempcnt=\count127
\Gm@bindingoffset=\dimen128
\Gm@wd@mp=\dimen129
\Gm@odd@mp=\dimen130
\Gm@even@mp=\dimen131
\Gm@dimlist=\toks25

(/usr/share/texmf-texlive/tex/xelatex/xetexconfig/geometry.cfg))
(/usr/share/texmf-texlive/tex/latex/amsfonts/amssymb.sty
Package: amssymb 2009/06/22 v3.00

(/usr/share/texmf-texlive/tex/latex/amsfonts/amsfonts.sty
Package: amsfonts 2009/06/22 v3.00 Basic AMSFonts support
\symAMSa=\mathgroup4
\symAMSb=\mathgroup5
LaTeX Font Info:    Overwriting math alphabet `\mathfrak' in version `bold'
(Font)                  U/euf/m/n --> U/euf/b/n on input line 96.
))
(/usr/share/texmf-texlive/tex/latex/hyperref/hyperref.sty
Package: hyperref 2009/10/09 v6.79a Hypertext links for LaTeX

(/usr/share/texmf-texlive/tex/generic/ifxetex/ifxetex.sty
Package: ifxetex 2009/01/23 v0.5 Provides ifxetex conditional
)
(/usr/share/texmf-texlive/tex/latex/oberdiek/hycolor.sty
Package: hycolor 2009/10/02 v1.5 Code for color options of hyperref/bookmark (H
O)

(/usr/share/texmf-texlive/tex/latex/oberdiek/xcolor-patch.sty
Package: xcolor-patch 2009/10/02 xcolor patch
))
\@linkdim=\dimen132
\Hy@linkcounter=\count128
\Hy@pagecounter=\count129

(/usr/share/texmf-texlive/tex/latex/hyperref/pd1enc.def
File: pd1enc.def 2009/10/09 v6.79a Hyperref: PDFDocEncoding definition (HO)
)
(/usr/share/texmf-texlive/tex/generic/oberdiek/etexcmds.sty
Package: etexcmds 2007/12/12 v1.2 Prefix for e-TeX command names (HO)

(/usr/share/texmf-texlive/tex/generic/oberdiek/infwarerr.sty
Package: infwarerr 2007/09/09 v1.2 Providing info/warning/message (HO)
)
Package etexcmds Info: Could not find \expanded.
(etexcmds)             That can mean that you are not using pdfTeX 1.50 or
(etexcmds)             that some package has redefined \expanded.
(etexcmds)             In the latter case, load this package earlier.
)
(/usr/share/texmf-texlive/tex/latex/latexconfig/hyperref.cfg
File: hyperref.cfg 2002/06/06 v1.2 hyperref configuration of TeXLive
)
(/usr/share/texmf-texlive/tex/latex/oberdiek/kvoptions.sty
Package: kvoptions 2009/08/13 v3.4 Keyval support for LaTeX options (HO)

(/usr/share/texmf-texlive/tex/generic/oberdiek/kvsetkeys.sty
Package: kvsetkeys 2009/07/30 v1.5 Key value parser with default handler suppor
t (HO)
))
Package hyperref Info: Option `breaklinks' set `true' on input line 2864.
Package hyperref Info: Option `colorlinks' set `true' on input line 2864.
Package hyperref Info: Option `bookmarks' set `false' on input line 2864.
Package hyperref Info: Hyper figures OFF on input line 2975.
Package hyperref Info: Link nesting OFF on input line 2980.
Package hyperref Info: Hyper index ON on input line 2983.
Package hyperref Info: Plain pages OFF on input line 2990.
Package hyperref Info: Backreferencing ON on input line 2993.

Implicit mode ON; LaTeX internals redefined
Package hyperref Info: Bookmarks OFF on input line 3197.
(/usr/share/texmf-texlive/tex/latex/hyperref/backref.sty
Package: backref 2006/09/05 v1.28 Bibliographical back referencing
)
(/usr/share/texmf-texlive/tex/latex/ltxmisc/url.sty
\Urlmuskip=\muskip11
Package: url 2006/04/12  ver 3.3  Verb mode for urls, etc.
)
LaTeX Info: Redefining \url on input line 3428.

(/usr/share/texmf-texlive/tex/generic/oberdiek/bitset.sty
Package: bitset 2007/09/28 v1.0 Data type bit set (HO)

(/usr/share/texmf-texlive/tex/generic/oberdiek/intcalc.sty
Package: intcalc 2007/09/27 v1.1 Expandable integer calculations (HO)
)
(/usr/share/texmf-texlive/tex/generic/oberdiek/bigintcalc.sty
Package: bigintcalc 2007/11/11 v1.1 Expandable big integer calculations (HO)

(/usr/share/texmf-texlive/tex/generic/oberdiek/pdftexcmds.sty
Package: pdftexcmds 2009/09/23 v0.6 LuaTeX support for pdfTeX utility functions
 (HO)

(/usr/share/texmf-texlive/tex/generic/oberdiek/ifluatex.sty
Package: ifluatex 2009/04/17 v1.2 Provides the ifluatex switch (HO)
Package ifluatex Info: LuaTeX not detected.
)
(/usr/share/texmf-texlive/tex/generic/oberdiek/ltxcmds.sty
Package: ltxcmds 2009/08/05 v1.0 Some LaTeX kernel commands for general use (HO
)
)
Package pdftexcmds Info: LuaTeX not detected.
Package pdftexcmds Info: \pdf@primitive is available.
Package pdftexcmds Info: \pdf@ifprimitive is available.
)))
\Fld@menulength=\count130
\Field@Width=\dimen133
\Fld@charsize=\dimen134
\Field@toks=\toks26
Package hyperref Info: Hyper figures OFF on input line 4377.
Package hyperref Info: Link nesting OFF on input line 4382.
Package hyperref Info: Hyper index ON on input line 4385.
Package hyperref Info: backreferencing ON on input line 4390.
Package hyperref Info: Link coloring ON on input line 4395.
Package hyperref Info: Link coloring with OCG OFF on input line 4402.
Package hyperref Info: PDF/A mode OFF on input line 4407.

(/usr/share/texmf-texlive/tex/generic/oberdiek/atbegshi.sty
Package: atbegshi 2008/07/31 v1.9 At begin shipout hook (HO)
)
\Hy@abspage=\count131
\c@Item=\count132
\c@Hfootnote=\count133
)
*hyperref using default driver hdvips*
(/usr/share/texmf-texlive/tex/latex/hyperref/hdvips.def
File: hdvips.def 2009/10/09 v6.79a Hyperref driver for dvips

(/usr/share/texmf-texlive/tex/latex/hyperref/pdfmark.def
File: pdfmark.def 2009/10/09 v6.79a Hyperref definitions for pdfmark specials


Package hyperref Warning: You have enabled option `breaklinks'.
(hyperref)                But driver `hdvips.def' does not suppport this.
(hyperref)                Expect trouble with the link areas of broken links.

\pdf@docset=\toks27
\pdf@box=\box35
\pdf@toks=\toks28
\pdf@defaulttoks=\toks29
\Fld@listcount=\count134
)) (./egpaper_for_review_final.aux)
\openout1 = `egpaper_for_review_final.aux'.

LaTeX Font Info:    Checking defaults for OML/cmm/m/it on input line 32.
LaTeX Font Info:    ... okay on input line 32.
LaTeX Font Info:    Checking defaults for T1/cmr/m/n on input line 32.
LaTeX Font Info:    ... okay on input line 32.
LaTeX Font Info:    Checking defaults for OT1/cmr/m/n on input line 32.
LaTeX Font Info:    ... okay on input line 32.
LaTeX Font Info:    Checking defaults for OMS/cmsy/m/n on input line 32.
LaTeX Font Info:    ... okay on input line 32.
LaTeX Font Info:    Checking defaults for OMX/cmex/m/n on input line 32.
LaTeX Font Info:    ... okay on input line 32.
LaTeX Font Info:    Checking defaults for U/cmr/m/n on input line 32.
LaTeX Font Info:    ... okay on input line 32.
LaTeX Font Info:    Checking defaults for PD1/pdf/m/n on input line 32.
LaTeX Font Info:    ... okay on input line 32.
LaTeX Font Info:    Try loading font information for OT1+ptm on input line 32.

(/usr/share/texmf-texlive/tex/latex/psnfss/ot1ptm.fd
File: ot1ptm.fd 2001/06/04 font definitions for OT1/ptm.
)
ABD: EveryShipout initializing macros
(/usr/share/texmf-texlive/tex/latex/graphics/color.sty
Package: color 2005/11/14 v1.0j Standard LaTeX Color (DPC)

(/etc/texmf/tex/latex/config/color.cfg
File: color.cfg 2007/01/18 v1.5 color configuration of teTeX/TeXLive
)
Package color Info: Driver file: dvips.def on input line 130.

(/usr/share/texmf-texlive/tex/latex/graphics/dvipsnam.def
File: dvipsnam.def 1999/02/16 v3.0i Driver-dependant file (DPC,SPQR)
))
\c@lstlisting=\count135

*geometry auto-detecting driver*
*geometry detected driver: dvips*
-------------------- Geometry parameters
paper: letterpaper
landscape: --
twocolumn: true
twoside: --
asymmetric: --
h-parts: 54.2025pt, 505.89pt, 54.2025pt
v-parts: 54.2025pt, 686.56499pt, 54.2025pt
hmarginratio: --
vmarginratio: --
lines: --
heightrounded: --
bindingoffset: 0.0pt
truedimen: --
includehead: --
includefoot: --
includemp: --
driver: dvips
-------------------- Page layout dimensions and switches
\paperwidth  614.295pt
\paperheight 794.96999pt
\textwidth  505.89pt
\textheight 686.56499pt
\oddsidemargin  -18.06749pt
\evensidemargin -18.06749pt
\topmargin  -18.06749pt
\headheight 0.0pt
\headsep    0.0pt
\footskip   30.0pt
\marginparwidth 4.0pt
\marginparsep   10.0pt
\columnsep  22.58437pt
\skip\footins  9.0pt plus 4.0pt minus 2.0pt
\hoffset 0.0pt
\voffset 0.0pt
\mag 1000
\@twocolumntrue 
(1in=72.27pt, 1cm=28.45pt)
-----------------------
Package hyperref Info: Link coloring ON on input line 32.
(/usr/share/texmf-texlive/tex/latex/hyperref/nameref.sty
Package: nameref 2007/05/29 v2.31 Cross-referencing by name of section

(/usr/share/texmf-texlive/tex/latex/oberdiek/refcount.sty
Package: refcount 2008/08/11 v3.1 Data extraction from references (HO)
)
\c@section@level=\count136
)
LaTeX Info: Redefining \ref on input line 32.
LaTeX Info: Redefining \pageref on input line 32.
\AtBeginShipoutBox=\box36
Package atbegshi Info: Package `everyshi' patched.
LaTeX Font Info:    Font shape `OT1/ptm/bx/n' in size <14.4> not available
(Font)              Font shape `OT1/ptm/b/n' tried instead on input line 48.
LaTeX Font Info:    Try loading font information for U+msa on input line 48.

(/usr/share/texmf-texlive/tex/latex/amsfonts/umsa.fd
File: umsa.fd 2009/06/22 v3.00 AMS symbols A
)
LaTeX Font Info:    Try loading font information for U+msb on input line 48.

(/usr/share/texmf-texlive/tex/latex/amsfonts/umsb.fd
File: umsb.fd 2009/06/22 v3.00 AMS symbols B
)
LaTeX Font Info:    Font shape `OT1/ptm/bx/n' in size <12> not available
(Font)              Font shape `OT1/ptm/b/n' tried instead on input line 52.
LaTeX Font Info:    Font shape `OT1/ptm/bx/n' in size <10> not available
(Font)              Font shape `OT1/ptm/b/n' tried instead on input line 140.
LaTeX Font Info:    Try loading font information for OT1+phv on input line 140.


(/usr/share/texmf-texlive/tex/latex/psnfss/ot1phv.fd
File: ot1phv.fd 2001/06/04 scalable font definitions for OT1/phv.
) [1


]
File: ./Figures/forg1.eps Graphic file (type eps)

<./Figures/forg1.eps>
File: ./Figures/forg2.eps Graphic file (type eps)
 <./Figures/forg2.eps>
File: ./Figures/forg3.eps Graphic file (type eps)
 <./Figures/forg3.eps>
File: ./Figures/forg4.eps Graphic file (type eps)

<./Figures/forg4.eps>
File: ./Figures/gt1.eps Graphic file (type eps)
 <./Figures/gt1.eps>
File: ./Figures/gt2.eps Graphic file (type eps)
 <./Figures/gt2.eps>
File: ./Figures/gt3.eps Graphic file (type eps)

<./Figures/gt3.eps>
File: ./Figures/gt4.eps Graphic file (type eps)
 <./Figures/gt4.eps>
File: ./Figures/our_framework.eps Graphic file (type eps)
 <./Figures/our_framework.eps>
Underfull \hbox (badness 2961) in paragraph at lines 221--221
[] \OT1/ptm/b/n/12 . Build-ing a More Re-li-able Seg-men-ta-tion
 []

[2]
File: ./Figures/neigh_acc.eps Graphic file (type eps)
 <./Figures/neigh_acc.eps>
File: ./Figures/orgnormality2.eps Graphic file (type eps)
 <./Figures/orgnormality2.eps>
File: ./Figures/segnormality2.eps Graphic file (type eps)

<./Figures/segnormality2.eps>
File: ./Figures/histnormality2.eps Graphic file (type eps)
 <./Figures/histnormality2.eps> [3]
Underfull \hbox (badness 1038) in paragraph at lines 353--353
[] \elvbf . Seg-men-ta-tions Eval-u-a-tion on the Berke-ley
 []

[4]
File: ./Figures/votation.eps Graphic file (type eps)
 <./Figures/votation.eps>
File: ./Figures/qualitative.eps Graphic file (type eps)
 <./Figures/qualitative.eps> [5] [6]
File: ./Figures/bike_org.eps Graphic file (type eps)

<./Figures/bike_org.eps>
File: ./Figures/moto_org.eps Graphic file (type eps)
 <./Figures/moto_org.eps>
File: ./Figures/horse_org.eps Graphic file (type eps)
 <./Figures/horse_org.eps>
File: ./Figures/train_org.eps Graphic file (type eps)

<./Figures/train_org.eps>
File: ./Figures/bike_conf.eps Graphic file (type eps)
 <./Figures/bike_conf.eps>
File: ./Figures/moto_conf.eps Graphic file (type eps)
 <./Figures/moto_conf.eps>
File: ./Figures/horse_conf.eps Graphic file (type eps)

<./Figures/horse_conf.eps>
File: ./Figures/train_conf.eps Graphic file (type eps)
 <./Figures/train_conf.eps>
(./egpaper_for_review_final.bbl (./egpaper_for_review_final.brf)
\tf@brf=\write3
\openout3 = `egpaper_for_review_final.brf'.


Underfull \vbox (badness 1221) has occurred while \output is active []

LaTeX Font Info:    Font shape `OT1/ptm/bx/n' in size <9> not available
(Font)              Font shape `OT1/ptm/b/n' tried instead on input line 20.
 [7]
Underfull \hbox (badness 10000) in paragraph at lines 57--57
\OT1/ptm/m/n/9 network.org/challenges/VOC/voc2007/workshop/index.html.
 []

) [8] (./egpaper_for_review_final.aux) ) 
Here is how much of TeX's memory you used:
 7556 strings out of 495062
 108083 string characters out of 1182643
 206114 words of memory out of 3000000
 10556 multiletter control sequences out of 15000+50000
 19646 words of font info for 61 fonts, out of 3000000 for 9000
 28 hyphenation exceptions out of 8191
 41i,10n,35p,422b,435s stack positions out of 5000i,500n,10000p,200000b,50000s

Output written on egpaper_for_review_final.dvi (8 pages, 130840 bytes).
