This is pdfTeX, Version 3.1415926-1.40.10 (TeX Live 2009/Debian) (format=latex 2010.5.19)  14 JUL 2010 03:39
entering extended mode
 restricted \write18 enabled.
 %&-line parsing enabled.
**thesis.tex
(./thesis.tex
LaTeX2e <2009/09/24>
Babel <v3.8l> and hyphenation patterns for english, usenglishmax, dumylang, noh
yphenation, loaded.
(/usr/share/texmf-texlive/tex/latex/base/article.cls
Document Class: article 2007/10/19 v1.4h Standard LaTeX document class
(/usr/share/texmf-texlive/tex/latex/base/size11.clo
File: size11.clo 2007/10/19 v1.4h Standard LaTeX file (size option)
)
\c@part=\count79
\c@section=\count80
\c@subsection=\count81
\c@subsubsection=\count82
\c@paragraph=\count83
\c@subparagraph=\count84
\c@figure=\count85
\c@table=\count86
\abovecaptionskip=\skip41
\belowcaptionskip=\skip42
\bibindent=\dimen102
) (./jmlr2e.sty
Document Style `jmlr' -- January 2001.
(/usr/share/texmf-texlive/tex/latex/graphics/epsfig.sty
Package: epsfig 1999/02/16 v1.7a (e)psfig emulation (SPQR)

(/usr/share/texmf-texlive/tex/latex/graphics/graphicx.sty
Package: graphicx 1999/02/16 v1.0f Enhanced LaTeX Graphics (DPC,SPQR)

(/usr/share/texmf-texlive/tex/latex/graphics/keyval.sty
Package: keyval 1999/03/16 v1.13 key=value parser (DPC)
\KV@toks@=\toks14
)
(/usr/share/texmf-texlive/tex/latex/graphics/graphics.sty
Package: graphics 2009/02/05 v1.0o Standard LaTeX Graphics (DPC,SPQR)

(/usr/share/texmf-texlive/tex/latex/graphics/trig.sty
Package: trig 1999/03/16 v1.09 sin cos tan (DPC)
)
(/etc/texmf/tex/latex/config/graphics.cfg
File: graphics.cfg 2009/08/28 v1.8 graphics configuration of TeX Live
)
Package graphics Info: Driver file: dvips.def on input line 91.

(/usr/share/texmf-texlive/tex/latex/graphics/dvips.def
File: dvips.def 1999/02/16 v3.0i Driver-dependant file (DPC,SPQR)
))
\Gin@req@height=\dimen103
\Gin@req@width=\dimen104
)
\epsfxsize=\dimen105
\epsfysize=\dimen106
)
(/usr/share/texmf-texlive/tex/latex/amsfonts/amssymb.sty
Package: amssymb 2009/06/22 v3.00

(/usr/share/texmf-texlive/tex/latex/amsfonts/amsfonts.sty
Package: amsfonts 2009/06/22 v3.00 Basic AMSFonts support
\@emptytoks=\toks15
\symAMSa=\mathgroup4
\symAMSb=\mathgroup5
LaTeX Font Info:    Overwriting math alphabet `\mathfrak' in version `bold'
(Font)                  U/euf/m/n --> U/euf/b/n on input line 96.
))
(/usr/share/texmf-texlive/tex/latex/natbib/natbib.sty
Package: natbib 2009/07/16 8.31 (PWD, AO)
\bibhang=\skip43
\bibsep=\skip44
LaTeX Info: Redefining \cite on input line 694.
\c@NAT@ctr=\count87
)
\aftertitskip=\skip45
\beforetitskip=\skip46
\interauthorskip=\skip47
\aftermaketitskip=\skip48
\c@example=\count88
\c@theorem=\count89
)
(/usr/share/texmf-texlive/tex/latex/listings/listings.sty
\lst@mode=\count90
\lst@gtempboxa=\box26
\lst@token=\toks16
\lst@length=\count91
\lst@currlwidth=\dimen107
\lst@column=\count92
\lst@pos=\count93
\lst@lostspace=\dimen108
\lst@width=\dimen109
\lst@newlines=\count94
\lst@lineno=\count95
\lst@maxwidth=\dimen110

(/usr/share/texmf-texlive/tex/latex/listings/lstmisc.sty
File: lstmisc.sty 2007/02/22 1.4 (Carsten Heinz)
\c@lstnumber=\count96
\lst@skipnumbers=\count97
\lst@framebox=\box27
)
(/usr/share/texmf-texlive/tex/latex/listings/listings.cfg
File: listings.cfg 2007/02/22 1.4 listings configuration
))
Package: listings 2007/02/22 1.4 (Carsten Heinz)

(/usr/share/texmf-texlive/tex/latex/subfigure/subfigure.sty
Package: subfigure 2002/03/15 v2.1.5 subfigure package
\subfigtopskip=\skip49
\subfigcapskip=\skip50
\subfigcaptopadj=\dimen111
\subfigbottomskip=\skip51
\subfigcapmargin=\dimen112
\subfiglabelskip=\skip52
\c@subfigure=\count98
\c@lofdepth=\count99
\c@subtable=\count100
\c@lotdepth=\count101

****************************************
* Local config file subfigure.cfg used *
****************************************
(/usr/share/texmf-texlive/tex/latex/subfigure/subfigure.cfg)
\subfig@top=\skip53
\subfig@bottom=\skip54
)
(/usr/share/texmf-texlive/tex/latex/geometry/geometry.sty
Package: geometry 2008/12/21 v4.2 Page Geometry

(/usr/share/texmf-texlive/tex/generic/oberdiek/ifpdf.sty
Package: ifpdf 2009/04/10 v2.0 Provides the ifpdf switch (HO)
Package ifpdf Info: pdfTeX in pdf mode not detected.
)
(/usr/share/texmf-texlive/tex/generic/oberdiek/ifvtex.sty
Package: ifvtex 2008/11/04 v1.4 Switches for detecting VTeX and its modes (HO)
Package ifvtex Info: VTeX not detected.
)
\Gm@cnth=\count102
\Gm@cntv=\count103
\c@Gm@tempcnt=\count104
\Gm@bindingoffset=\dimen113
\Gm@wd@mp=\dimen114
\Gm@odd@mp=\dimen115
\Gm@even@mp=\dimen116
\Gm@dimlist=\toks17

(/usr/share/texmf-texlive/tex/xelatex/xetexconfig/geometry.cfg))
(/usr/share/texmf-texlive/tex/latex/psnfss/courier.sty
Package: courier 2005/04/12 PSNFSS-v9.2a (WaS) 
)
(/usr/share/texmf-texlive/tex/latex/graphics/color.sty
Package: color 2005/11/14 v1.0j Standard LaTeX Color (DPC)

(/etc/texmf/tex/latex/config/color.cfg
File: color.cfg 2007/01/18 v1.5 color configuration of teTeX/TeXLive
)
Package color Info: Driver file: dvips.def on input line 130.

(/usr/share/texmf-texlive/tex/latex/graphics/dvipsnam.def
File: dvipsnam.def 1999/02/16 v3.0i Driver-dependant file (DPC,SPQR)
)) (./algorithm.sty
Package: algorithm 

Document Style `algorithm' - floating environment
(/usr/share/texmf-texlive/tex/latex/float/float.sty
Package: float 2001/11/08 v1.3d Float enhancements (AL)
\c@float@type=\count105
\float@exts=\toks18
\float@box=\box28
\@float@everytoks=\toks19
\@floatcapt=\box29
)
(/usr/share/texmf-texlive/tex/latex/base/ifthen.sty
Package: ifthen 2001/05/26 v1.1c Standard LaTeX ifthen package (DPC)
)
\@float@every@algorithm=\toks20
\c@algorithm=\count106
) (./algorithmic.sty
Package: algorithmic 2005/07/05

Document Style `algorithmic' - environment
(/usr/share/texmf-texlive/tex/latex/tools/calc.sty
Package: calc 2007/08/22 v4.3 Infix arithmetic (KKT,FJ)
\calc@Acount=\count107
\calc@Bcount=\count108
\calc@Adimen=\dimen117
\calc@Bdimen=\dimen118
\calc@Askip=\skip55
\calc@Bskip=\skip56
LaTeX Info: Redefining \setlength on input line 76.
LaTeX Info: Redefining \addtolength on input line 77.
\calc@Ccount=\count109
\calc@Cskip=\skip57
)
\c@ALC@line=\count110
\c@ALC@rem=\count111
\c@ALC@depth=\count112
\ALC@tlm=\skip58
\algorithmicindent=\skip59
)
(/usr/share/texmf-texlive/tex/latex/multirow/multirow.sty
\bigstrutjot=\dimen119
)
(/usr/share/texmf-texlive/tex/latex/rotating/rotating.sty
Package: rotating 2009/03/28 v2.16a rotated objects in LaTeX
\c@r@tfl@t=\count113
\rotFPtop=\skip60
\rotFPbot=\skip61
\rot@float@box=\box30
\rot@mess@toks=\toks21
)
(/usr/share/texmf-texlive/tex/latex/tools/enumerate.sty
Package: enumerate 1999/03/05 v3.00 enumerate extensions (DPC)
\@enLab=\toks22
) (./thesis.aux)
\openout1 = `thesis.aux'.

LaTeX Font Info:    Checking defaults for OML/cmm/m/it on input line 28.
LaTeX Font Info:    ... okay on input line 28.
LaTeX Font Info:    Checking defaults for T1/cmr/m/n on input line 28.
LaTeX Font Info:    ... okay on input line 28.
LaTeX Font Info:    Checking defaults for OT1/cmr/m/n on input line 28.
LaTeX Font Info:    ... okay on input line 28.
LaTeX Font Info:    Checking defaults for OMS/cmsy/m/n on input line 28.
LaTeX Font Info:    ... okay on input line 28.
LaTeX Font Info:    Checking defaults for OMX/cmex/m/n on input line 28.
LaTeX Font Info:    ... okay on input line 28.
LaTeX Font Info:    Checking defaults for U/cmr/m/n on input line 28.
LaTeX Font Info:    ... okay on input line 28.
\c@lstlisting=\count114

*geometry auto-detecting driver*
*geometry detected driver: dvips*
-------------------- Geometry parameters
paper: class default
landscape: --
twocolumn: --
twoside: true
asymmetric: --
h-parts: 54.2025pt, 505.89pt, 54.2025pt
v-parts: 54.2025pt, 686.56499pt, 54.2025pt
hmarginratio: --
vmarginratio: --
lines: --
heightrounded: --
bindingoffset: 0.0pt
truedimen: --
includehead: --
includefoot: --
includemp: --
driver: dvips
-------------------- Page layout dimensions and switches
\paperwidth  614.295pt
\paperheight 794.96999pt
\textwidth  505.89pt
\textheight 686.56499pt
\oddsidemargin  -18.06749pt
\evensidemargin -18.06749pt
\topmargin  -73.13498pt
\headheight 12.0pt
\headsep    43.06749pt
\footskip   30.0pt
\marginparwidth 5.05942pt
\marginparsep   10.0pt
\columnsep  10.0pt
\skip\footins  10.0pt plus 4.0pt minus 2.0pt
\hoffset 0.0pt
\voffset 0.0pt
\mag 1000
\@twosidetrue \@mparswitchtrue 
(1in=72.27pt, 1cm=28.45pt)
-----------------------
(/usr/share/texmf-texlive/tex/latex/listings/lstlang1.sty
File: lstlang1.sty 2004/09/05 1.3 listings language file
)
Underfull \vbox (badness 1484) has occurred while \output is active []

 [1

]
File: ./Figures/forg1.eps Graphic file (type eps)

<./Figures/forg1.eps>
File: ./Figures/forg2.eps Graphic file (type eps)
 <./Figures/forg2.eps>
File: ./Figures/forg3.eps Graphic file (type eps)
 <./Figures/forg3.eps>
File: ./Figures/forg4.eps Graphic file (type eps)

<./Figures/forg4.eps>
File: ./Figures/gt1.eps Graphic file (type eps)
 <./Figures/gt1.eps>
File: ./Figures/gt2.eps Graphic file (type eps)
 <./Figures/gt2.eps>
File: ./Figures/gt3.eps Graphic file (type eps)

<./Figures/gt3.eps>
File: ./Figures/gt4.eps Graphic file (type eps)
 <./Figures/gt4.eps>
File: ./Figures/vcrf1.eps Graphic file (type eps)
 <./Figures/vcrf1.eps>
File: ./Figures/vcrf2.eps Graphic file (type eps)

<./Figures/vcrf2.eps>
File: ./Figures/vcrf3.eps Graphic file (type eps)
 <./Figures/vcrf3.eps>
File: ./Figures/vcrf4.eps Graphic file (type eps)
 <./Figures/vcrf4.eps> [2]
File: ./Figures/org_framework.eps Graphic file (type eps)

<./Figures/org_framework.eps>
File: ./Figures/cordelia_framework.eps Graphic file (type eps)
 <./Figures/cordelia_framework.eps>
File: ./Figures/fulkerson_framework.eps Graphic file (type eps)

<./Figures/fulkerson_framework.eps> [3]
Underfull \vbox (badness 8113) has occurred while \output is active []

 [4]
LaTeX Font Info:    Try loading font information for U+msa on input line 401.

(/usr/share/texmf-texlive/tex/latex/amsfonts/umsa.fd
File: umsa.fd 2009/06/22 v3.00 AMS symbols A
)
LaTeX Font Info:    Try loading font information for U+msb on input line 401.

(/usr/share/texmf-texlive/tex/latex/amsfonts/umsb.fd
File: umsb.fd 2009/06/22 v3.00 AMS symbols B
) [5]
File: ./Figures/neigh_acc.eps Graphic file (type eps)

<./Figures/neigh_acc.eps>
File: ./Figures/our_framework.eps Graphic file (type eps)
 <./Figures/our_framework.eps>
Underfull \vbox (badness 10000) has occurred while \output is active []

 [6]
File: ./Figures/ORG2.eps Graphic file (type eps)

<./Figures/ORG2.eps>
File: ./Figures/MS2.eps Graphic file (type eps)
 <./Figures/MS2.eps>
File: ./Figures/GB2.eps Graphic file (type eps)
 <./Figures/GB2.eps>
File: ./Figures/NC2.eps Graphic file (type eps)

<./Figures/NC2.eps> [7]
File: ./Figures/mixsegs.eps Graphic file (type eps)
 <./Figures/mixsegs.eps> [8]
File: ./Figures/orgnormality2.eps Graphic file (type eps)

<./Figures/orgnormality2.eps>
File: ./Figures/segnormality2.eps Graphic file (type eps)
 <./Figures/segnormality2.eps>
File: ./Figures/histnormality2.eps Graphic file (type eps)

<./Figures/histnormality2.eps>
Underfull \vbox (badness 4454) has occurred while \output is active []

 [9]
File: ./Figures/ORG.eps Graphic file (type eps)

<./Figures/ORG.eps>
File: ./Figures/MS.eps Graphic file (type eps)
 <./Figures/MS.eps>
File: ./Figures/GB.eps Graphic file (type eps)
 <./Figures/GB.eps>
File: ./Figures/NC.eps Graphic file (type eps)
 <./Figures/NC.eps>
File: ./Figures/Mixed_Outliers.eps Graphic file (type eps)

<./Figures/Mixed_Outliers.eps>
File: ./Figures/Mixed_Opp.eps Graphic file (type eps)
 <./Figures/Mixed_Opp.eps>
File: ./Figures/Mixed_RAD.eps Graphic file (type eps)

<./Figures/Mixed_RAD.eps>
File: ./Figures/outlier_not_org.eps Graphic file (type eps)
 <./Figures/outlier_not_org.eps>
File: ./Figures/outlier_not_seg.eps Graphic file (type eps)

<./Figures/outlier_not_seg.eps>
File: ./Figures/outlier_not_hist.eps Graphic file (type eps)
 <./Figures/outlier_not_hist.eps> [10]
Underfull \vbox (badness 10000) has occurred while \output is active []

 [11]
File: ./Figures/red_pepper.eps Graphic file (type eps)

<./Figures/red_pepper.eps>
File: ./Figures/red_pepper_dist.eps Graphic file (type eps)
 <./Figures/red_pepper_dist.eps>
File: ./Figures/red_pepper_ridges.eps Graphic file (type eps)

<./Figures/red_pepper_ridges.eps>
File: ./Figures/red_pepper_seg.eps Graphic file (type eps)
 <./Figures/red_pepper_seg.eps>
File: ./Figures/horse.eps Graphic file (type eps)

<./Figures/horse.eps>
File: ./Figures/horse_dist.eps Graphic file (type eps)
 <./Figures/horse_dist.eps>
File: ./Figures/horse_patch.eps Graphic file (type eps)
 <./Figures/horse_patch.eps>
File: ./Figures/horse_hist.eps Graphic file (type eps)

<./Figures/horse_hist.eps> [12]
File: ./Figures/hist.eps Graphic file (type eps)
 <./Figures/hist.eps>
File: ./Figures/ridgevalleyexpl.eps Graphic file (type eps)

<./Figures/ridgevalleyexpl.eps>
File: ./Figures/crestes.eps Graphic file (type eps)
 <./Figures/crestes.eps>
File: ./Figures/a.eps Graphic file (type eps)
 <./Figures/a.eps>
File: ./Figures/b.eps Graphic file (type eps)

<./Figures/b.eps>
File: ./Figures/c.eps Graphic file (type eps)
 <./Figures/c.eps>
File: ./Figures/d.eps Graphic file (type eps)
 <./Figures/d.eps>
File: ./Figures/e.eps Graphic file (type eps)
 <./Figures/e.eps>
File: ./Figures/f.eps Graphic file (type eps)

<./Figures/f.eps> [13]
File: ./Figures/bad_RAD_org.eps Graphic file (type eps)
 <./Figures/bad_RAD_org.eps>
File: ./Figures/bad_RAD_RAD.eps Graphic file (type eps)
 <./Figures/bad_RAD_RAD.eps>
[14] [15]
File: ./Figures/votation.eps Graphic file (type eps)
 <./Figures/votation.eps> [16]
File: ./Figures/orgFigCRF.eps Graphic file (type eps)
 <./Figures/orgFigCRF.eps>
File: ./Figures/befCRF.eps Graphic file (type eps)

<./Figures/befCRF.eps>
File: ./Figures/aftCRF.eps Graphic file (type eps)
 <./Figures/aftCRF.eps>
File: ./Figures/forg1.eps Graphic file (type eps)
 <./Figures/forg1.eps>
File: ./Figures/gbqex.eps Graphic file (type eps)

<./Figures/gbqex.eps>
File: ./Figures/ncqex.eps Graphic file (type eps)
 <./Figures/ncqex.eps>
File: ./Figures/msqex.eps Graphic file (type eps)
 <./Figures/msqex.eps>
File: ./Figures/vcrfqex.eps Graphic file (type eps)

<./Figures/vcrfqex.eps> [17] [18]
File: ./Figures/ORG3.eps Graphic file (type eps)
 <./Figures/ORG3.eps>
File: ./Figures/MSMap.eps Graphic file (type eps)
 <./Figures/MSMap.eps>
File: ./Figures/GBMap.eps Graphic file (type eps)

<./Figures/GBMap.eps>
File: ./Figures/NCMap.eps Graphic file (type eps)
 <./Figures/NCMap.eps>
File: ./Figures/SPMap.eps Graphic file (type eps)
 <./Figures/SPMap.eps> [19]
Overfull \hbox (14.45541pt too wide) in paragraph at lines 1385--1439
 [][] 
 []

File: ./Figures/neigh_mix.eps Graphic file (type eps)
<./Figures/neigh_mix.eps> [20]
Overfull \hbox (27.91249pt too wide) in paragraph at lines 1507--1551
 [][] 
 []


Underfull \vbox (badness 3068) has occurred while \output is active []

 [21]
[22]
File: ./Figures/classesbest.eps Graphic file (type eps)
 <./Figures/classesbest.eps>
Underfull \vbox (badness 1052) has occurred while \output is active []

 [23]
[24] (./thesis.bbl
Missing character: There is no â in font cmti10!
Missing character: There is no € in font cmti10!
Missing character: There is no “ in font cmti10!
 [25] [26]) [27] (./thesis.aux) ) 
Here is how much of TeX's memory you used:
 4062 strings out of 495062
 56439 string characters out of 1182644
 153284 words of memory out of 3000000
 7117 multiletter control sequences out of 15000+50000
 11707 words of font info for 43 fonts, out of 3000000 for 9000
 28 hyphenation exceptions out of 8191
 39i,10n,40p,657b,545s stack positions out of 5000i,500n,10000p,200000b,50000s

Output written on thesis.dvi (27 pages, 138472 bytes).
